make --dry-run --always-make --keep-going --print-directory
make: Entering directory `/Users/yoshlikmedia/Projects/Head-Rotate-Detection'
find . -name '*.pyc' -exec rm -rf {} \;
find . -name '__pycache__' -exec rm -rf {} \;
find . -name 'Thumbs.db' -exec rm -rf {} \;
find . -name '*~' -exec rm -rf {} \;
rm -rf .cache
rm -rf build
rm -rf dist
rm -rf *.egg-info
rm -rf htmlcov
rm -rf .tox/
rm -rf docs/_build
if [[ ! -e .env ]]; then \
		cp .env.example .env; \
	fi
pip install --upgrade pip
pip install -r requirements.txt
python bot.py
docker-compose build
docker-compose up -d
docker-compose down
make: Leaving directory `/Users/yoshlikmedia/Projects/Head-Rotate-Detection'
 
